<?xml version="1.0" encoding="UTF-8"?>
<robot generator="Robot 7.2.2 (Python 3.12.5 on win32)" generated="2025-05-07T11:14:51.058733" rpa="false" schemaversion="5">
<suite id="s1" name="Tests" source="D:\program\github\robot_web\tests">
<suite id="s1-s1" name="Web Test" source="D:\program\github\robot_web\tests\web_test.robot">
<test id="s1-s1-t1" name="Check Page Title" line="5">
<kw name="Open Browser" owner="SeleniumLibrary">
<msg time="2025-05-07T11:14:51.977252" level="INFO">Opening browser 'chrome' to base url 'https://practicetestautomation.com/practice-test-login/'.</msg>
<arg>https://practicetestautomation.com/practice-test-login/</arg>
<arg>chrome</arg>
<doc>Opens a new browser instance to the optional ``url``.</doc>
<status status="PASS" start="2025-05-07T11:14:51.977252" elapsed="17.554588"/>
</kw>
<kw name="Input Text" owner="SeleniumLibrary">
<msg time="2025-05-07T11:15:09.538311" level="INFO">Typing text 'student' into text field 'id=username'.</msg>
<arg>id=username</arg>
<arg>student</arg>
<doc>Types the given ``text`` into the text field identified by ``locator``.</doc>
<status status="PASS" start="2025-05-07T11:15:09.535763" elapsed="0.522211"/>
</kw>
<kw name="Input Text" owner="SeleniumLibrary">
<msg time="2025-05-07T11:15:10.058987" level="INFO">Typing text 'Password123' into text field 'id=password'.</msg>
<arg>id=password</arg>
<arg>Password123</arg>
<doc>Types the given ``text`` into the text field identified by ``locator``.</doc>
<status status="PASS" start="2025-05-07T11:15:10.057974" elapsed="0.201052"/>
</kw>
<kw name="Click Button" owner="SeleniumLibrary">
<msg time="2025-05-07T11:15:10.259026" level="INFO">Clicking button 'id=submit'.</msg>
<arg>id=submit</arg>
<doc>Clicks the button identified by ``locator``.</doc>
<status status="PASS" start="2025-05-07T11:15:10.259026" elapsed="1.819421"/>
</kw>
<kw name="Page Should Contain" owner="SeleniumLibrary">
<msg time="2025-05-07T11:15:12.134180" level="INFO">Current page contains text 'Logged In Successfully'.</msg>
<arg>Logged In Successfully</arg>
<doc>Verifies that current page contains ``text``.</doc>
<status status="PASS" start="2025-05-07T11:15:12.081517" elapsed="0.052663"/>
</kw>
<kw name="Sleep" owner="BuiltIn">
<msg time="2025-05-07T11:15:14.134704" level="INFO">Slept 2 seconds.</msg>
<arg>2s</arg>
<doc>Pauses the test executed for the given time.</doc>
<status status="PASS" start="2025-05-07T11:15:12.134180" elapsed="2.000524"/>
</kw>
<kw name="Close Browser" owner="SeleniumLibrary">
<doc>Closes the current browser.</doc>
<status status="PASS" start="2025-05-07T11:15:14.134704" elapsed="2.833542"/>
</kw>
<status status="PASS" start="2025-05-07T11:14:51.971174" elapsed="24.997072"/>
</test>
<status status="PASS" start="2025-05-07T11:14:51.138461" elapsed="25.829785"/>
</suite>
<status status="PASS" start="2025-05-07T11:14:51.067951" elapsed="25.904446"/>
</suite>
<statistics>
<total>
<stat pass="1" fail="0" skip="0">All Tests</stat>
</total>
<tag>
</tag>
<suite>
<stat name="Tests" id="s1" pass="1" fail="0" skip="0">Tests</stat>
<stat name="Web Test" id="s1-s1" pass="1" fail="0" skip="0">Tests.Web Test</stat>
</suite>
</statistics>
<errors>
</errors>
</robot>
