<?xml version="1.0" encoding="UTF-8"?>
<robot generator="Robot 7.2.2 (Python 3.12.5 on win32)" generated="2025-05-06T10:40:48.284037" rpa="false" schemaversion="5">
<suite id="s1" name="CD Pipeline" source="D:\Program\CI\CD Pipeline">
<suite id="s1-s1" name="CI-CD Login" source="D:\Program\CI\CD Pipeline\CI-CD_Login">
<suite id="s1-s1-s1" name="Tests" source="D:\Program\CI\CD Pipeline\CI-CD_Login\tests">
<suite id="s1-s1-s1-s1" name="Login Test" source="D:\Program\CI\CD Pipeline\CI-CD_Login\tests\login_test.robot">
<test id="s1-s1-s1-s1-t1" name="Valid Login Test" line="6">
<kw name="Open Browser To Login Page" owner="login_keywords">
<kw name="Open Browser" owner="SeleniumLibrary">
<msg time="2025-05-06T10:40:48.877303" level="INFO">Opening browser 'chrome' to base url 'https://practicetestautomation.com/practice-test-login/'.</msg>
<arg>${LOGIN_URL}</arg>
<arg>chrome</arg>
<doc>Opens a new browser instance to the optional ``url``.</doc>
<status status="PASS" start="2025-05-06T10:40:48.873765" elapsed="7.833557"/>
</kw>
<kw name="Maximize Browser Window" owner="SeleniumLibrary">
<doc>Maximizes current browser window.</doc>
<status status="PASS" start="2025-05-06T10:40:56.708325" elapsed="0.068938"/>
</kw>
<status status="PASS" start="2025-05-06T10:40:48.873765" elapsed="7.904355"/>
</kw>
<kw name="Input Username" owner="login_keywords">
<kw name="Input Text" owner="SeleniumLibrary">
<msg time="2025-05-06T10:40:56.783253" level="INFO">Typing text 'student' into text field 'id=username'.</msg>
<arg>id=username</arg>
<arg>${username}</arg>
<doc>Types the given ``text`` into the text field identified by ``locator``.</doc>
<status status="PASS" start="2025-05-06T10:40:56.782251" elapsed="0.292381"/>
</kw>
<arg>student</arg>
<status status="PASS" start="2025-05-06T10:40:56.781254" elapsed="0.293378"/>
</kw>
<kw name="Input Password" owner="login_keywords">
<kw name="Input Text" owner="SeleniumLibrary">
<msg time="2025-05-06T10:40:57.078380" level="INFO">Typing text 'Password123' into text field 'id=password'.</msg>
<arg>id=password</arg>
<arg>${password}</arg>
<doc>Types the given ``text`` into the text field identified by ``locator``.</doc>
<status status="PASS" start="2025-05-06T10:40:57.074632" elapsed="0.243701"/>
</kw>
<arg>Password123</arg>
<status status="PASS" start="2025-05-06T10:40:57.074632" elapsed="0.243701"/>
</kw>
<kw name="Click Login" owner="login_keywords">
<kw name="Click Button" owner="SeleniumLibrary">
<msg time="2025-05-06T10:40:57.318333" level="INFO">Clicking button 'class=btn'.</msg>
<arg>class=btn</arg>
<doc>Clicks the button identified by ``locator``.</doc>
<status status="PASS" start="2025-05-06T10:40:57.318333" elapsed="1.971282"/>
</kw>
<status status="PASS" start="2025-05-06T10:40:57.318333" elapsed="1.971282"/>
</kw>
<kw name="Page Should Contain" owner="SeleniumLibrary">
<msg time="2025-05-06T10:40:59.374762" level="INFO">Current page contains text 'Logged In Successfully'.</msg>
<arg>Logged In Successfully</arg>
<doc>Verifies that current page contains ``text``.</doc>
<status status="PASS" start="2025-05-06T10:40:59.293641" elapsed="0.081121"/>
</kw>
<kw name="Close Browser" owner="login_keywords">
<kw name="Close All Browsers" owner="SeleniumLibrary">
<doc>Closes all open browsers and resets the browser cache.</doc>
<status status="PASS" start="2025-05-06T10:40:59.378514" elapsed="10.842363"/>
</kw>
<status status="PASS" start="2025-05-06T10:40:59.376966" elapsed="10.845711"/>
</kw>
<status status="PASS" start="2025-05-06T10:40:48.871748" elapsed="21.350929"/>
</test>
<status status="PASS" start="2025-05-06T10:40:48.403396" elapsed="21.823321"/>
</suite>
<status status="PASS" start="2025-05-06T10:40:48.396792" elapsed="21.829925"/>
</suite>
<status status="PASS" start="2025-05-06T10:40:48.391838" elapsed="21.841078"/>
</suite>
<status status="PASS" start="2025-05-06T10:40:48.291228" elapsed="21.947118"/>
</suite>
<statistics>
<total>
<stat pass="1" fail="0" skip="0">All Tests</stat>
</total>
<tag>
</tag>
<suite>
<stat name="CD Pipeline" id="s1" pass="1" fail="0" skip="0">CD Pipeline</stat>
<stat name="CI-CD Login" id="s1-s1" pass="1" fail="0" skip="0">CD Pipeline.CI-CD Login</stat>
<stat name="Tests" id="s1-s1-s1" pass="1" fail="0" skip="0">CD Pipeline.CI-CD Login.Tests</stat>
<stat name="Login Test" id="s1-s1-s1-s1" pass="1" fail="0" skip="0">CD Pipeline.CI-CD Login.Tests.Login Test</stat>
</suite>
</statistics>
<errors>
</errors>
</robot>
