<?xml version="1.0" encoding="UTF-8"?>
<robot generator="Robot 7.2.2 (Python 3.12.5 on win32)" generated="2025-05-07T11:10:36.045696" rpa="false" schemaversion="5">
<suite id="s1" name="Tests" source="D:\program\github\robot\tests">
<suite id="s1-s1" name="Simple Test" source="D:\program\github\robot\tests\simple_test.robot">
<test id="s1-s1-t1" name="List Files In Current Directory" line="5">
<kw name="List Files In Directory" owner="OperatingSystem">
<msg time="2025-05-07T11:10:36.127585" level="INFO" html="true">Listing contents of directory '&lt;a href="file://D:\program\github\robot"&gt;D:\program\github\robot&lt;/a&gt;'.</msg>
<msg time="2025-05-07T11:10:36.127585" level="INFO">5 files:
ci-cd.sh
log.html
output.xml
report.html
requirements.txt</msg>
<msg time="2025-05-07T11:10:36.135346" level="INFO">${files} = ['ci-cd.sh', 'log.html', 'output.xml', 'report.html', 'requirements.txt']</msg>
<var>${files}</var>
<arg>.</arg>
<doc>Wrapper for `List Directory` that returns only files.</doc>
<status status="PASS" start="2025-05-07T11:10:36.127585" elapsed="0.007761"/>
</kw>
<kw name="Should Not Be Empty" owner="BuiltIn">
<msg time="2025-05-07T11:10:36.136509" level="INFO">Length is 5.</msg>
<arg>${files}</arg>
<doc>Verifies that the given item is not empty.</doc>
<status status="PASS" start="2025-05-07T11:10:36.135346" elapsed="0.001163"/>
</kw>
<doc>Check if current directory lists any files</doc>
<status status="PASS" start="2025-05-07T11:10:36.127585" elapsed="0.008924"/>
</test>
<status status="PASS" start="2025-05-07T11:10:36.110791" elapsed="0.025718"/>
</suite>
<status status="PASS" start="2025-05-07T11:10:36.052086" elapsed="0.086438"/>
</suite>
<statistics>
<total>
<stat pass="1" fail="0" skip="0">All Tests</stat>
</total>
<tag>
</tag>
<suite>
<stat name="Tests" id="s1" pass="1" fail="0" skip="0">Tests</stat>
<stat name="Simple Test" id="s1-s1" pass="1" fail="0" skip="0">Tests.Simple Test</stat>
</suite>
</statistics>
<errors>
</errors>
</robot>
